<?xml version="1.0" encoding="UTF-8"?>
<testsuite xmlns:xsi="http://www.w3.org/2001/XMLSchema-instance" xsi:noNamespaceSchemaLocation="https://maven.apache.org/surefire/maven-surefire-plugin/xsd/surefire-test-report.xsd" name="pack.pb.entity.implementation.PhoneBookImplTest" time="0.017" tests="4" errors="0" skipped="0" failures="0">
  <properties>
    <property name="sun.desktop" value="windows"/>
    <property name="awt.toolkit" value="sun.awt.windows.WToolkit"/>
    <property name="file.encoding.pkg" value="sun.io"/>
    <property name="java.specification.version" value="1.8"/>
    <property name="sun.cpu.isalist" value="amd64"/>
    <property name="sun.jnu.encoding" value="Cp1251"/>
    <property name="java.class.path" value="C:\JAVA19New\PhoneBookMavenProj\target\test-classes;C:\JAVA19New\PhoneBookMavenProj\target\classes;C:\Users\Alina\.m2\repository\org\junit\jupiter\junit-jupiter-engine\5.1.0\junit-jupiter-engine-5.1.0.jar;C:\Users\Alina\.m2\repository\org\apiguardian\apiguardian-api\1.0.0\apiguardian-api-1.0.0.jar;C:\Users\Alina\.m2\repository\org\junit\platform\junit-platform-engine\1.1.0\junit-platform-engine-1.1.0.jar;C:\Users\Alina\.m2\repository\org\junit\platform\junit-platform-commons\1.1.0\junit-platform-commons-1.1.0.jar;C:\Users\Alina\.m2\repository\org\opentest4j\opentest4j\1.0.0\opentest4j-1.0.0.jar;C:\Users\Alina\.m2\repository\org\junit\jupiter\junit-jupiter-api\5.1.0\junit-jupiter-api-5.1.0.jar;"/>
    <property name="java.vm.vendor" value="Oracle Corporation"/>
    <property name="sun.arch.data.model" value="64"/>
    <property name="user.variant" value=""/>
    <property name="java.vendor.url" value="http://java.oracle.com/"/>
    <property name="user.timezone" value="Europe/Moscow"/>
    <property name="java.vm.specification.version" value="1.8"/>
    <property name="os.name" value="Windows 10"/>
    <property name="user.country" value="RU"/>
    <property name="sun.java.launcher" value="SUN_STANDARD"/>
    <property name="sun.boot.library.path" value="C:\Program Files\Java\jdk1.8.0_171\jre\bin"/>
    <property name="sun.java.command" value="C:\Users\Alina\AppData\Local\Temp\surefire835658994446671575\surefirebooter7002088297404942410.jar C:\Users\Alina\AppData\Local\Temp\surefire835658994446671575 2019-02-17T15-08-38_264-jvmRun1 surefire7522658245157943320tmp surefire_02087310814383432171tmp"/>
    <property name="surefire.test.class.path" value="C:\JAVA19New\PhoneBookMavenProj\target\test-classes;C:\JAVA19New\PhoneBookMavenProj\target\classes;C:\Users\Alina\.m2\repository\org\junit\jupiter\junit-jupiter-engine\5.1.0\junit-jupiter-engine-5.1.0.jar;C:\Users\Alina\.m2\repository\org\apiguardian\apiguardian-api\1.0.0\apiguardian-api-1.0.0.jar;C:\Users\Alina\.m2\repository\org\junit\platform\junit-platform-engine\1.1.0\junit-platform-engine-1.1.0.jar;C:\Users\Alina\.m2\repository\org\junit\platform\junit-platform-commons\1.1.0\junit-platform-commons-1.1.0.jar;C:\Users\Alina\.m2\repository\org\opentest4j\opentest4j\1.0.0\opentest4j-1.0.0.jar;C:\Users\Alina\.m2\repository\org\junit\jupiter\junit-jupiter-api\5.1.0\junit-jupiter-api-5.1.0.jar;"/>
    <property name="sun.cpu.endian" value="little"/>
    <property name="user.home" value="C:\Users\Alina"/>
    <property name="user.language" value="ru"/>
    <property name="java.specification.vendor" value="Oracle Corporation"/>
    <property name="java.home" value="C:\Program Files\Java\jdk1.8.0_171\jre"/>
    <property name="basedir" value="C:\JAVA19New\PhoneBookMavenProj"/>
    <property name="file.separator" value="\"/>
    <property name="line.separator" value="&#10;"/>
    <property name="java.vm.specification.vendor" value="Oracle Corporation"/>
    <property name="java.specification.name" value="Java Platform API Specification"/>
    <property name="java.awt.graphicsenv" value="sun.awt.Win32GraphicsEnvironment"/>
    <property name="surefire.real.class.path" value="C:\Users\Alina\AppData\Local\Temp\surefire835658994446671575\surefirebooter7002088297404942410.jar"/>
    <property name="sun.boot.class.path" value="C:\Program Files\Java\jdk1.8.0_171\jre\lib\resources.jar;C:\Program Files\Java\jdk1.8.0_171\jre\lib\rt.jar;C:\Program Files\Java\jdk1.8.0_171\jre\lib\sunrsasign.jar;C:\Program Files\Java\jdk1.8.0_171\jre\lib\jsse.jar;C:\Program Files\Java\jdk1.8.0_171\jre\lib\jce.jar;C:\Program Files\Java\jdk1.8.0_171\jre\lib\charsets.jar;C:\Program Files\Java\jdk1.8.0_171\jre\lib\jfr.jar;C:\Program Files\Java\jdk1.8.0_171\jre\classes"/>
    <property name="user.script" value=""/>
    <property name="sun.management.compiler" value="HotSpot 64-Bit Tiered Compilers"/>
    <property name="java.runtime.version" value="1.8.0_171-b11"/>
    <property name="user.name" value="Alina"/>
    <property name="path.separator" value=";"/>
    <property name="os.version" value="10.0"/>
    <property name="java.endorsed.dirs" value="C:\Program Files\Java\jdk1.8.0_171\jre\lib\endorsed"/>
    <property name="java.runtime.name" value="Java(TM) SE Runtime Environment"/>
    <property name="file.encoding" value="Cp1251"/>
    <property name="java.vm.name" value="Java HotSpot(TM) 64-Bit Server VM"/>
    <property name="localRepository" value="C:\Users\Alina\.m2\repository"/>
    <property name="java.vendor.url.bug" value="http://bugreport.sun.com/bugreport/"/>
    <property name="java.io.tmpdir" value="C:\Users\Alina\AppData\Local\Temp\"/>
    <property name="idea.version" value="2018.3.3"/>
    <property name="java.version" value="1.8.0_171"/>
    <property name="user.dir" value="C:\JAVA19New\PhoneBookMavenProj"/>
    <property name="os.arch" value="amd64"/>
    <property name="java.vm.specification.name" value="Java Virtual Machine Specification"/>
    <property name="java.awt.printerjob" value="sun.awt.windows.WPrinterJob"/>
    <property name="sun.os.patch.level" value=""/>
    <property name="java.library.path" value="C:\Program Files\Java\jdk1.8.0_171\jre\bin;C:\Windows\Sun\Java\bin;C:\Windows\system32;C:\Windows;C:\Program Files (x86)\Common Files\Intel\Shared Libraries\redist\intel64\compiler;C:\Program Files (x86)\Common Files\Intel\Shared Libraries\redist\ia32\compiler;C:\python\Scripts\;C:\python\;C:\Program Files (x86)\Common Files\Oracle\Java\javapath;C:\Program Files\NVIDIA GPU Computing Toolkit\CUDA\v8.0\bin;C:\Program Files\NVIDIA GPU Computing Toolkit\CUDA\v8.0\libnvvp;C:\ProgramData\Oracle\Java\javapath;C:\Windows\system32;C:\Windows;C:\Windows\System32\Wbem;C:\Windows\System32\WindowsPowerShell\v1.0\;C:\HaxeToolkit\haxe\;C:\HaxeToolkit\neko;C:\Program Files\TortoiseGit\bin;C:\Program Files (x86)\Windows Kits\8.1\Windows Performance Toolkit\;C:\Program Files\Microsoft SQL Server\110\Tools\Binn\;C:\Program Files (x86)\Microsoft SDKs\TypeScript\1.0\;C:\Program Files\Microsoft SQL Server\120\Tools\Binn\;C:\Program Files (x86)\NVIDIA Corporation\PhysX\Common;C:\ProgramData\chocolatey\bin;C:\Users\Alina\AppData\Local\Programs\Git\cmd;C:\Program Files\Geth;C:\Users\Alina\AppData\Roaming\nvm;C:\Program Files\nodejs;C:\Program Files\nodejs\;C:\Program Files\JetBrains\IntelliJ IDEA 2017.2.4\plugins\maven\lib\maven2\bin;C:\HaxeToolkit\haxe\;C:\HaxeToolkit\neko;c:\flow\bin;C:\python;C:\python\Scripts;;C:\Program Files (x86)\WinMerge;C:\wamp64\bin\mysql\mysql5.7.21\bin;C:\Program Files\Calibre2\;C:\Program Files\Git LFS;C:\texlive\2016\bin\win32;C:\Users\Alina\AppData\Local\Microsoft\WindowsApps;C:\Program Files\Microsoft VS Code\bin;C:\Users\Alina\AppData\Roaming\npm;C:\Program Files\JetBrains\IntelliJ IDEA 2017.2.4\plugins\maven\lib\maven2\bin;c:\flow9\bin;C:\texlive\2018\bin\win32;C:\Users\Alina\AppData\Local\Programs\Fiddler;c:\mingw\msys\1.0\bin;c:\mingw\bin;C:\Program Files\JetBrains\IntelliJ IDEA 2018.3.3\bin;."/>
    <property name="java.vm.info" value="mixed mode"/>
    <property name="java.vendor" value="Oracle Corporation"/>
    <property name="java.vm.version" value="25.171-b11"/>
    <property name="java.ext.dirs" value="C:\Program Files\Java\jdk1.8.0_171\jre\lib\ext;C:\Windows\Sun\Java\lib\ext"/>
    <property name="sun.io.unicode.encoding" value="UnicodeLittle"/>
    <property name="java.class.version" value="52.0"/>
  </properties>
  <testcase name="testItem1" classname="pack.pb.entity.implementation.PhoneBookImplTest" time="0.007"/>
  <testcase name="testItem2" classname="pack.pb.entity.implementation.PhoneBookImplTest" time="0.001"/>
  <testcase name="testItem3" classname="pack.pb.entity.implementation.PhoneBookImplTest" time="0.001"/>
  <testcase name="testItemAbsence" classname="pack.pb.entity.implementation.PhoneBookImplTest" time="0.003"/>
</testsuite>